<?xml version="1.0" encoding="UTF-8"?>
<!-- Generated by org.testng.reporters.JUnitReportReporter -->
<testsuite hostname="DESKTOP-Q7GGFVF" failures="0" tests="3" name="com.sgtesting.tests.Users" time="0.025" errors="0" timestamp="2023-04-11T12:35:32 IST" skipped="0">
  <testcase classname="com.sgtesting.tests.Users" name="method2" time="0.003"/>
  <system-out/>
  <testcase classname="com.sgtesting.tests.Users" name="method1" time="0.020"/>
  <system-out/>
  <testcase classname="com.sgtesting.tests.Users" name="method3" time="0.002"/>
  <system-out/>
</testsuite> <!-- com.sgtesting.tests.Users -->
